

\hline \multicolumn{7}{|c|}{\textbf{Acur치cia (filtro: HARF)}} \\ \hline

\multirow{2}{*}{\colcell\dadosANome} & $1\pm0 $ & $.98\pm.04 $ & $1\pm0 $ & \cellcolor{Gray} $0\pm0$ & \cellcolor{Gray} $-.02\pm.04$ & \cellcolor{Gray} $.02\pm.04$ \\
&$1\pm0 $ & $1\pm0 $ & $1\pm0 $ & \cellcolor{Gray} $.2\pm.3$ & \cellcolor{Gray} $.1\pm.1$ & \cellcolor{Gray} $.2\pm.3$ \\
\multirow{2}{*}{\colcell\dadosBNome} & $.97\pm.06 $ & $1\pm0 $ & $.95\pm.07 $ & \cellcolor{Gray} $0\pm.1$ & \cellcolor{Gray} $0\pm.1$ & \cellcolor{Gray} $.1\pm.2$ \\
&$.98\pm.05 $ & $.98\pm.05 $ & $.96\pm.09 $ & \cellcolor{Gray} $.1\pm.2$ & \cellcolor{Gray} $0\pm.1$ & \cellcolor{Blue} $.5\pm.4$ \\
\multirow{2}{*}{\colcell\dadosCNome} & $1\pm0 $ & $1\pm0 $ & $.99\pm.02 $ & \cellcolor{Gray} $0\pm0$ & \cellcolor{Gray} $0\pm0$ & \cellcolor{Gray} $.01\pm.06$ \\
&$1\pm0 $ & $.9\pm.1 $ & $.8\pm.3 $ & \cellcolor{Gray} $0\pm0$ & \cellcolor{Gray} $0\pm.3$ & \cellcolor{Blue} $.5\pm.4$ \\
\multirow{2}{*}{\colcell\dadosDNome} & $.97\pm.06 $ & $.97\pm.06 $ & $.97\pm.06 $ & \cellcolor{Gray} $0\pm.1$ & \cellcolor{Gray} $-.03\pm.06$ & \cellcolor{Gray} $0\pm.2$ \\
&$.9\pm.2 $ & $1\pm0 $ & $.8\pm.2 $ & \cellcolor{Gray} $.2\pm.5$ & \cellcolor{Gray} $.2\pm.2$ & \cellcolor{Blue} $.6\pm.4$ \\
\multirow{2}{*}{\colcell\dadosENome} & $.96\pm.05 $ & $.99\pm.02 $ & $.94\pm.05 $ & \cellcolor{Gray} $0\pm.1$ & \cellcolor{Gray} $0\pm.04$ & \cellcolor{Gray} $0\pm.1$ \\
&$.8\pm.4 $ & $1\pm0 $ & $.8\pm.3 $ & \cellcolor{Gray} $.4\pm.8$ & \cellcolor{Blue} $.4\pm.3$ & \cellcolor{Blue} $.7\pm.5$ \\
\multirow{2}{*}{\colcell\dadosFNome} & $.99\pm.02 $ & $1\pm0 $ & $1\pm0 $ & \cellcolor{Gray} $0\pm.04$ & \cellcolor{Gray} $.01\pm.02$ & \cellcolor{Blue} $.04\pm.03$ \\
&$.9\pm.3 $ & $.9\pm.2 $ & $.9\pm.2 $ & \cellcolor{Gray} $.3\pm.6$ & \cellcolor{Gray} $0\pm.5$ & \cellcolor{Gray} $.3\pm.6$ \\
\multirow{2}{*}{\colcell\dadosGNome} & $1\pm0 $ & $1\pm0 $ & $.9\pm.1 $ & \cellcolor{Gray} $0\pm0$ & \cellcolor{Gray} $0\pm0$ & \cellcolor{Gray} $0\pm.3$ \\
&$.9\pm.2 $ & $1\pm0 $ & $.8\pm.3 $ & \cellcolor{Gray} $0\pm.5$ & \cellcolor{Gray} $0\pm0$ & \cellcolor{Gray} $.1\pm.6$ \\
\multirow{2}{*}{\colcell\dadosHNome} & $.96\pm.07 $ & $.98\pm.04 $ & $.98\pm.04 $ & \cellcolor{Gray} $0\pm.1$ & \cellcolor{Gray} $.02\pm.08$ & \cellcolor{Gray} $.1\pm.2$ \\
&$.9\pm.2 $ & $.98\pm.06 $ & $.9\pm.1 $ & \cellcolor{Gray} $.1\pm.5$ & \cellcolor{Gray} $0\pm.1$ & \cellcolor{Gray} $.3\pm.4$ \\
\multirow{2}{*}{\colcell\dadosINome} & $.97\pm.03 $ & $.98\pm.03 $ & $.9\pm.1 $ & \cellcolor{Gray} $0\pm.07$ & \cellcolor{Gray} $0\pm.06$ & \cellcolor{Gray} $0\pm.2$ \\
&$1\pm0 $ & $.8\pm.3 $ & $.4\pm.2 $ & \cellcolor{Blue} $.5\pm.4$ & \cellcolor{Gray} $.1\pm.6$ & \cellcolor{Gray} $.2\pm.4$ \\
\multirow{2}{*}{\colcell\dadosJNome} & $.99\pm.03 $ & $.98\pm.03 $ & $.96\pm.06 $ & \cellcolor{Gray} $0\pm.06$ & \cellcolor{Gray} $-.01\pm.05$ & \cellcolor{Gray} $0\pm.1$ \\
&$.6\pm.2 $ & $.8\pm.3 $ & $.3\pm.2 $ & \cellcolor{Gray} $.1\pm.3$ & \cellcolor{Gray} $0\pm.6$ & \cellcolor{Gray} $0\pm.2$ \\
\multirow{2}{*}{\colcell\dadosKNome} & $.87\pm.03 $ & $.89\pm.05 $ & $.91\pm.06 $ & \cellcolor{Gray} $-.03\pm.09$ & \cellcolor{Gray} $0\pm.1$ & \cellcolor{Gray} $.1\pm.2$ \\
&$.3\pm.5 $ & $.7\pm.5 $ & $.3\pm.4 $ & \cellcolor{Gray} $-.2\pm.9$ & \cellcolor{Gray} $.1\pm.9$ & \cellcolor{Gray} $.1\pm.6$ \\
\multirow{2}{*}{\colcell\dadosLNome} & $.9\pm.2 $ & $.9\pm.2 $ & $.8\pm.2 $ & \cellcolor{Gray} $0\pm.3$ & \cellcolor{Gray} $0\pm.3$ & \cellcolor{Gray} $0\pm.3$ \\
&$.8\pm.2 $ & $.7\pm.2 $ & $.7\pm.2 $ & \cellcolor{Gray} $.1\pm.4$ & \cellcolor{Gray} $0\pm.5$ & \cellcolor{Gray} $.1\pm.5$ \\
\multirow{2}{*}{\colcell\dadosMNome} & $.9\pm.1 $ & $.9\pm.1 $ & $.92\pm.09 $ & \cellcolor{Gray} $0\pm.3$ & \cellcolor{Gray} $0\pm.2$ & \cellcolor{Gray} $0\pm.2$ \\
&$.7\pm.3 $ & $.9\pm.2 $ & $.7\pm.1 $ & \cellcolor{Gray} $.1\pm.6$ & \cellcolor{Gray} $.2\pm.5$ & \cellcolor{Gray} $.1\pm.4$ \\
\multirow{2}{*}{\colcell\dadosNNome} & $.92\pm.08 $ & $.9\pm.1 $ & $.8\pm.2 $ & \cellcolor{Gray} $.1\pm.2$ & \cellcolor{Gray} $0\pm.2$ & \cellcolor{Gray} $0\pm.3$ \\
&$.98\pm.04 $ & $.9\pm.1 $ & $.8\pm.2 $ & \cellcolor{Gray} $.1\pm.2$ & \cellcolor{Gray} $0\pm.2$ & \cellcolor{Gray} $0\pm.4$ \\
\multirow{2}{*}{\colcell\dadosONome} & $.89\pm.07 $ & $.9\pm.2 $ & $.87\pm.09 $ & \cellcolor{Gray} $0\pm.2$ & \cellcolor{Gray} $0\pm.3$ & \cellcolor{Gray} $.1\pm.2$ \\
&$.88\pm.04 $ & $.9\pm.07 $ & $.9\pm.1 $ & \cellcolor{Gray} $0\pm.08$ & \cellcolor{Gray} $0\pm.1$ & \cellcolor{Gray} $.2\pm.3$ \\


\hline \multicolumn{7}{|c|}{\textbf{Acur치cia (filtro: AENN)}} \\ \hline

\multirow{2}{*}{\colcell\dadosANome} & $.9\pm.2 $ & $1\pm0 $ & $1\pm0 $ & \cellcolor{Gray} $-.1\pm.2$ & \cellcolor{Gray} $0\pm0$ & \cellcolor{Gray} $.02\pm.04$ \\
&$1\pm0 $ & $.9\pm.1 $ & $.9\pm.1 $ & \cellcolor{Gray} $.2\pm.3$ & \cellcolor{Gray} $0\pm.3$ & \cellcolor{Gray} $.1\pm.4$ \\
\multirow{2}{*}{\colcell\dadosBNome} & $.95\pm.07 $ & $.98\pm.04 $ & $.97\pm.07 $ & \cellcolor{Gray} $0\pm.1$ & \cellcolor{Gray} $0\pm.1$ & \cellcolor{Gray} $.1\pm.2$ \\
&$1\pm0 $ & $.98\pm.05 $ & $.9\pm.1 $ & \cellcolor{Gray} $.1\pm.1$ & \cellcolor{Gray} $0\pm.1$ & \cellcolor{Gray} $.5\pm.5$ \\
\multirow{2}{*}{\colcell\dadosCNome} & $1\pm0 $ & $1\pm0 $ & $.99\pm.02 $ & \cellcolor{Gray} $0\pm0$ & \cellcolor{Gray} $0\pm0$ & \cellcolor{Gray} $.01\pm.06$ \\
&$1\pm0 $ & $.9\pm.2 $ & $.7\pm.3 $ & \cellcolor{Gray} $0\pm0$ & \cellcolor{Gray} $0\pm.3$ & \cellcolor{Gray} $.4\pm.4$ \\
\multirow{2}{*}{\colcell\dadosDNome} & $.96\pm.06 $ & $.97\pm.06 $ & $1\pm0 $ & \cellcolor{Gray} $0\pm.1$ & \cellcolor{Gray} $-.03\pm.06$ & \cellcolor{Gray} $.05\pm.09$ \\
&$1\pm0 $ & $.9\pm.2 $ & $.8\pm.4 $ & \cellcolor{Gray} $.3\pm.3$ & \cellcolor{Gray} $.1\pm.5$ & \cellcolor{Gray} $.5\pm.5$ \\
\multirow{2}{*}{\colcell\dadosENome} & $.96\pm.05 $ & $1\pm0 $ & $.99\pm.03 $ & \cellcolor{Gray} $0\pm.1$ & \cellcolor{Gray} $.01\pm.02$ & \cellcolor{Gray} $.1\pm.1$ \\
&$.8\pm.4 $ & $1\pm0 $ & $.7\pm.3 $ & \cellcolor{Gray} $.4\pm.8$ & \cellcolor{Gray} $.2\pm.2$ & \cellcolor{Gray} $.5\pm.5$ \\
\multirow{2}{*}{\colcell\dadosFNome} & $.98\pm.04 $ & $.98\pm.04 $ & $.98\pm.02 $ & \cellcolor{Gray} $-.02\pm.06$ & \cellcolor{Gray} $-.02\pm.06$ & \cellcolor{Gray} $.02\pm.06$ \\
&$.9\pm.1 $ & $.9\pm.2 $ & $.6\pm.3 $ & \cellcolor{Gray} $.4\pm.5$ & \cellcolor{Gray} $0\pm.4$ & \cellcolor{Gray} $0\pm.7$ \\
\multirow{2}{*}{\colcell\dadosGNome} & $1\pm0 $ & $1\pm0 $ & $.96\pm.09 $ & \cellcolor{Gray} $0\pm0$ & \cellcolor{Gray} $0\pm0$ & \cellcolor{Gray} $.1\pm.2$ \\
&$.9\pm.3 $ & $1\pm0 $ & $.8\pm.3 $ & \cellcolor{Gray} $0\pm.6$ & \cellcolor{Gray} $0\pm0$ & \cellcolor{Gray} $.2\pm.6$ \\
\multirow{2}{*}{\colcell\dadosHNome} & $.97\pm.04 $ & $1\pm0 $ & $1\pm0 $ & \cellcolor{Gray} $0\pm.1$ & \cellcolor{Gray} $.02\pm.04$ & \cellcolor{Blue} $.2\pm.1$ \\
&$.9\pm.2 $ & $.94\pm.08 $ & $.9\pm.1 $ & \cellcolor{Gray} $.1\pm.5$ & \cellcolor{Gray} $0\pm.2$ & \cellcolor{Gray} $.3\pm.4$ \\
\multirow{2}{*}{\colcell\dadosINome} & $.97\pm.03 $ & $.98\pm.03 $ & $.9\pm.1 $ & \cellcolor{Gray} $0\pm.07$ & \cellcolor{Gray} $0\pm.06$ & \cellcolor{Gray} $0\pm.2$ \\
&$1\pm0 $ & $1\pm0 $ & $.2\pm.2 $ & \cellcolor{Blue} $.5\pm.4$ & \cellcolor{Blue} $.5\pm.4$ & \cellcolor{Gray} $0\pm.4$ \\
\multirow{2}{*}{\colcell\dadosJNome} & $.96\pm.07 $ & $.96\pm.04 $ & $.92\pm.03 $ & \cellcolor{Gray} $0\pm.1$ & \cellcolor{Gray} $-.04\pm.04$ & \cellcolor{Gray} $-.04\pm.09$ \\
&$.6\pm.3 $ & $1\pm0 $ & $.3\pm.4 $ & \cellcolor{Gray} $.1\pm.4$ & \cellcolor{Gray} $.3\pm.3$ & \cellcolor{Gray} $0\pm.5$ \\
\multirow{2}{*}{\colcell\dadosKNome} & $.91\pm.09 $ & $.91\pm.07 $ & $.92\pm.05 $ & \cellcolor{Gray} $0\pm.1$ & \cellcolor{Gray} $0\pm.09$ & \cellcolor{Gray} $.1\pm.2$ \\
&$.4\pm.5 $ & $.7\pm.5 $ & $.4\pm.5 $ & \cellcolor{Gray} $-.1\pm.9$ & \cellcolor{Gray} $.1\pm.9$ & \cellcolor{Gray} $.2\pm.6$ \\
\multirow{2}{*}{\colcell\dadosLNome} & $.9\pm.2 $ & $.8\pm.1 $ & $.8\pm.2 $ & \cellcolor{Gray} $.1\pm.3$ & \cellcolor{Gray} $0\pm.3$ & \cellcolor{Gray} $0\pm.3$ \\
&$.8\pm.3 $ & $.8\pm.2 $ & $.6\pm.4 $ & \cellcolor{Gray} $.1\pm.5$ & \cellcolor{Gray} $.1\pm.4$ & \cellcolor{Gray} $0\pm.7$ \\
\multirow{2}{*}{\colcell\dadosMNome} & $.96\pm.06 $ & $.9\pm.1 $ & $.96\pm.06 $ & \cellcolor{Gray} $.1\pm.2$ & \cellcolor{Gray} $-.1\pm.2$ & \cellcolor{Gray} $0\pm.2$ \\
&$.8\pm.2 $ & $.9\pm.2 $ & $.8\pm.3 $ & \cellcolor{Gray} $.1\pm.5$ & \cellcolor{Gray} $.1\pm.5$ & \cellcolor{Gray} $.2\pm.6$ \\
\multirow{2}{*}{\colcell\dadosNNome} & $.9\pm.1 $ & $.9\pm.1 $ & $.8\pm.2 $ & \cellcolor{Gray} $.1\pm.2$ & \cellcolor{Gray} $0\pm.2$ & \cellcolor{Gray} $0\pm.3$ \\
&$.98\pm.04 $ & $.9\pm.1 $ & $.8\pm.2 $ & \cellcolor{Gray} $.1\pm.2$ & \cellcolor{Gray} $0\pm.2$ & \cellcolor{Gray} $0\pm.4$ \\
\multirow{2}{*}{\colcell\dadosONome} & $.9\pm.1 $ & $.9\pm.1 $ & $.9\pm.1 $ & \cellcolor{Gray} $0\pm.2$ & \cellcolor{Gray} $0\pm.2$ & \cellcolor{Gray} $.1\pm.2$ \\
&$.87\pm.04 $ & $.9\pm.07 $ & $.91\pm.06 $ & \cellcolor{Gray} $0\pm.08$ & \cellcolor{Gray} $0\pm.1$ & \cellcolor{Gray} $.2\pm.2$ \\


\hline \multicolumn{7}{|c|}{\textbf{Acur치cia (filtro: INFFC)}} \\ \hline

\multirow{2}{*}{\colcell\dadosANome} & $1\pm0 $ & $1\pm0 $ & $.98\pm.04 $ & \cellcolor{Gray} $0\pm0$ & \cellcolor{Gray} $0\pm0$ & \cellcolor{Gray} $0\pm.09$ \\
&$.8\pm.3 $ & $.9\pm.1 $ & $.8\pm.3 $ & \cellcolor{Gray} $0\pm.7$ & \cellcolor{Gray} $0\pm.3$ & \cellcolor{Gray} $0\pm.5$ \\
\multirow{2}{*}{\colcell\dadosBNome} & $.93\pm.06 $ & $.97\pm.07 $ & $.9\pm.1 $ & \cellcolor{Gray} $0\pm.1$ & \cellcolor{Gray} $0\pm.2$ & \cellcolor{Gray} $0\pm.3$ \\
&$.9\pm.1 $ & $.96\pm.09 $ & $.4\pm.3 $ & \cellcolor{Gray} $0\pm.3$ & \cellcolor{Gray} $0\pm.2$ & \cellcolor{Gray} $0\pm.7$ \\
\multirow{2}{*}{\colcell\dadosCNome} & $1\pm0 $ & $1\pm0 $ & $.98\pm.04 $ & \cellcolor{Gray} $0\pm0$ & \cellcolor{Gray} $0\pm0$ & \cellcolor{Gray} $0\pm.08$ \\
&$1\pm0 $ & $.9\pm.1 $ & $.25\pm.08 $ & \cellcolor{Gray} $0\pm0$ & \cellcolor{Gray} $0\pm.3$ & \cellcolor{Gray} $0\pm.2$ \\
\multirow{2}{*}{\colcell\dadosDNome} & $.97\pm.06 $ & $1\pm0 $ & $.95\pm.09 $ & \cellcolor{Gray} $0\pm.1$ & \cellcolor{Gray} $0\pm0$ & \cellcolor{Gray} $0\pm.2$ \\
&$.8\pm.2 $ & $.9\pm.2 $ & $.2\pm.1 $ & \cellcolor{Gray} $.1\pm.5$ & \cellcolor{Gray} $.2\pm.4$ & \cellcolor{Gray} $0\pm.3$ \\
\multirow{2}{*}{\colcell\dadosENome} & $.96\pm.06 $ & $1\pm0 $ & $.94\pm.08 $ & \cellcolor{Gray} $0\pm.1$ & \cellcolor{Gray} $.01\pm.02$ & \cellcolor{Gray} $0\pm.2$ \\
&$.4\pm.4 $ & $.8\pm.3 $ & $.2\pm.2 $ & \cellcolor{Gray} $0\pm.7$ & \cellcolor{Gray} $.1\pm.5$ & \cellcolor{Gray} $0\pm.3$ \\
\multirow{2}{*}{\colcell\dadosFNome} & $.99\pm.02 $ & $.99\pm.02 $ & $.98\pm.03 $ & \cellcolor{Gray} $0\pm.04$ & \cellcolor{Gray} $0\pm.04$ & \cellcolor{Gray} $.01\pm.07$ \\
&$.8\pm.3 $ & $.9\pm.1 $ & $.5\pm.4 $ & \cellcolor{Gray} $.2\pm.7$ & \cellcolor{Gray} $.1\pm.4$ & \cellcolor{Gray} $-.1\pm.8$ \\
\multirow{2}{*}{\colcell\dadosGNome} & $1\pm0 $ & $.9\pm.1 $ & $.9\pm.1 $ & \cellcolor{Gray} $0\pm0$ & \cellcolor{Gray} $-.1\pm.1$ & \cellcolor{Gray} $0\pm.2$ \\
&$.9\pm.3 $ & $1\pm0 $ & $.6\pm.3 $ & \cellcolor{Gray} $0\pm.6$ & \cellcolor{Gray} $0\pm0$ & \cellcolor{Gray} $0\pm.6$ \\
\multirow{2}{*}{\colcell\dadosHNome} & $.95\pm.07 $ & $.97\pm.05 $ & $.9\pm.1 $ & \cellcolor{Gray} $0\pm.1$ & \cellcolor{Gray} $0\pm.09$ & \cellcolor{Gray} $0\pm.2$ \\
&$.8\pm.2 $ & $.97\pm.07 $ & $.7\pm.3 $ & \cellcolor{Gray} $0\pm.5$ & \cellcolor{Gray} $0\pm.1$ & \cellcolor{Gray} $.1\pm.6$ \\
\multirow{2}{*}{\colcell\dadosINome} & $.97\pm.03 $ & $.98\pm.03 $ & $1\pm.1 $ & \cellcolor{Gray} $0\pm.07$ & \cellcolor{Gray} $0\pm.06$ & \cellcolor{Gray} $0\pm.2$ \\
&$.8\pm.5 $ & $.6\pm.4 $ & $.2\pm.2 $ & \cellcolor{Gray} $.2\pm.9$ & \cellcolor{Gray} $-.1\pm.8$ & \cellcolor{Gray} $0\pm.4$ \\
\multirow{2}{*}{\colcell\dadosJNome} & $.99\pm.03 $ & $.99\pm.03 $ & $.95\pm.08 $ & \cellcolor{Gray} $0\pm.06$ & \cellcolor{Gray} $0\pm.06$ & \cellcolor{Gray} $0\pm.1$ \\
&$.5\pm.1 $ & $.8\pm.3 $ & $.3\pm.2 $ & \cellcolor{Gray} $0\pm.2$ & \cellcolor{Gray} $.1\pm.5$ & \cellcolor{Gray} $0\pm.2$ \\
\multirow{2}{*}{\colcell\dadosKNome} & $.89\pm.07 $ & $.8\pm.1 $ & $.8\pm.1 $ & \cellcolor{Gray} $0\pm.1$ & \cellcolor{Gray} $-.1\pm.1$ & \cellcolor{Gray} $0\pm.3$ \\
&$.5\pm.5 $ & $.5\pm.5 $ & $.2\pm.2 $ & \cellcolor{Gray} $-.1\pm.9$ & \cellcolor{Gray} $0\pm1$ & \cellcolor{Gray} $0\pm.4$ \\
\multirow{2}{*}{\colcell\dadosLNome} & $.8\pm.1 $ & $.9\pm.2 $ & $.8\pm.2 $ & \cellcolor{Gray} $0\pm.2$ & \cellcolor{Gray} $0\pm.3$ & \cellcolor{Gray} $0\pm.3$ \\
&$.7\pm.2 $ & $.7\pm.2 $ & $.6\pm.3 $ & \cellcolor{Gray} $0\pm.5$ & \cellcolor{Gray} $0\pm.4$ & \cellcolor{Gray} $0\pm.6$ \\
\multirow{2}{*}{\colcell\dadosMNome} & $.9\pm.1 $ & $.9\pm.1 $ & $.9\pm.1 $ & \cellcolor{Gray} $0\pm.3$ & \cellcolor{Gray} $-.1\pm.2$ & \cellcolor{Gray} $0\pm.2$ \\
&$.7\pm.3 $ & $.8\pm.3 $ & $.6\pm.4 $ & \cellcolor{Gray} $.1\pm.6$ & \cellcolor{Gray} $0\pm.5$ & \cellcolor{Gray} $0\pm.7$ \\
\multirow{2}{*}{\colcell\dadosNNome} & $.8\pm.1 $ & $.8\pm.1 $ & $.8\pm.2 $ & \cellcolor{Gray} $0\pm.2$ & \cellcolor{Gray} $0\pm.2$ & \cellcolor{Gray} $0\pm.3$ \\
&$.9\pm.1 $ & $.9\pm.1 $ & $.8\pm.2 $ & \cellcolor{Gray} $0\pm.2$ & \cellcolor{Gray} $0\pm.2$ & \cellcolor{Gray} $0\pm.4$ \\
\multirow{2}{*}{\colcell\dadosONome} & $.88\pm.09 $ & $.9\pm.1 $ & $.8\pm.1 $ & \cellcolor{Gray} $0\pm.2$ & \cellcolor{Gray} $0\pm.2$ & \cellcolor{Gray} $0\pm.3$ \\
&$.88\pm.04 $ & $.9\pm.07 $ & $.8\pm.2 $ & \cellcolor{Gray} $0\pm.08$ & \cellcolor{Gray} $0\pm.1$ & \cellcolor{Gray} $.1\pm.3$ \\


\hline \multicolumn{7}{|c|}{\textbf{Acur치cia (filtro: ENG)}} \\ \hline

\multirow{2}{*}{\colcell\dadosANome} & $.9\pm.2 $ & $1\pm0 $ & $1\pm0 $ & \cellcolor{Gray} $-.1\pm.2$ & \cellcolor{Gray} $0\pm0$ & \cellcolor{Gray} $.02\pm.04$ \\
&$.8\pm.4 $ & $1\pm0 $ & $1\pm0 $ & \cellcolor{Gray} $0\pm.7$ & \cellcolor{Gray} $.1\pm.1$ & \cellcolor{Gray} $.2\pm.3$ \\
\multirow{2}{*}{\colcell\dadosBNome} & $.95\pm.07 $ & $.98\pm.04 $ & $.95\pm.07 $ & \cellcolor{Gray} $0\pm.1$ & \cellcolor{Gray} $0\pm.1$ & \cellcolor{Gray} $.1\pm.2$ \\
&$.95\pm.06 $ & $.98\pm.05 $ & $.9\pm.1 $ & \cellcolor{Gray} $.1\pm.2$ & \cellcolor{Gray} $0\pm.1$ & \cellcolor{Gray} $.5\pm.5$ \\
\multirow{2}{*}{\colcell\dadosCNome} & $1\pm0 $ & $1\pm0 $ & $.99\pm.02 $ & \cellcolor{Gray} $0\pm0$ & \cellcolor{Gray} $0\pm0$ & \cellcolor{Gray} $.01\pm.06$ \\
&$1\pm0 $ & $1\pm0 $ & $.7\pm.3 $ & \cellcolor{Gray} $0\pm0$ & \cellcolor{Gray} $.1\pm.2$ & \cellcolor{Gray} $.4\pm.4$ \\
\multirow{2}{*}{\colcell\dadosDNome} & $.97\pm.06 $ & $.97\pm.06 $ & $.97\pm.06 $ & \cellcolor{Gray} $0\pm.1$ & \cellcolor{Gray} $-.03\pm.06$ & \cellcolor{Gray} $0\pm.1$ \\
&$.9\pm.2 $ & $1\pm0 $ & $.8\pm.3 $ & \cellcolor{Gray} $.2\pm.5$ & \cellcolor{Gray} $.2\pm.2$ & \cellcolor{Blue} $.6\pm.4$ \\
\multirow{2}{*}{\colcell\dadosENome} & $.96\pm.05 $ & $.98\pm.03 $ & $.95\pm.07 $ & \cellcolor{Gray} $0\pm.1$ & \cellcolor{Gray} $-.01\pm.05$ & \cellcolor{Gray} $0\pm.2$ \\
&$.7\pm.4 $ & $1\pm0 $ & $.6\pm.4 $ & \cellcolor{Gray} $.3\pm.8$ & \cellcolor{Blue} $.3\pm.2$ & \cellcolor{Gray} $.4\pm.6$ \\
\multirow{2}{*}{\colcell\dadosFNome} & $.98\pm.02 $ & $.98\pm.04 $ & $.98\pm.04 $ & \cellcolor{Gray} $-.01\pm.04$ & \cellcolor{Gray} $-.02\pm.06$ & \cellcolor{Gray} $.02\pm.07$ \\
&$.9\pm.3 $ & $.9\pm.2 $ & $.8\pm.3 $ & \cellcolor{Gray} $.3\pm.6$ & \cellcolor{Gray} $.1\pm.5$ & \cellcolor{Gray} $.2\pm.7$ \\
\multirow{2}{*}{\colcell\dadosGNome} & $1\pm0 $ & $1\pm0 $ & $.96\pm.09 $ & \cellcolor{Gray} $0\pm0$ & \cellcolor{Gray} $0\pm0$ & \cellcolor{Gray} $.1\pm.2$ \\
&$.9\pm.3 $ & $1\pm0 $ & $.8\pm.2 $ & \cellcolor{Gray} $0\pm.6$ & \cellcolor{Gray} $0\pm0$ & \cellcolor{Gray} $.1\pm.6$ \\
\multirow{2}{*}{\colcell\dadosHNome} & $.96\pm.07 $ & $.98\pm.03 $ & $.97\pm.04 $ & \cellcolor{Gray} $0\pm.1$ & \cellcolor{Gray} $.02\pm.08$ & \cellcolor{Gray} $.1\pm.2$ \\
&$.9\pm.2 $ & $.97\pm.07 $ & $.94\pm.09 $ & \cellcolor{Gray} $.1\pm.5$ & \cellcolor{Gray} $0\pm.1$ & \cellcolor{Gray} $.4\pm.4$ \\
\multirow{2}{*}{\colcell\dadosINome} & $.97\pm.03 $ & $.98\pm.03 $ & $.9\pm.1 $ & \cellcolor{Gray} $0\pm.07$ & \cellcolor{Gray} $0\pm.06$ & \cellcolor{Gray} $0\pm.2$ \\
&$.8\pm.3 $ & $1\pm0 $ & $.5\pm.2 $ & \cellcolor{Gray} $.3\pm.7$ & \cellcolor{Blue} $.4\pm.3$ & \cellcolor{Gray} $.3\pm.3$ \\
\multirow{2}{*}{\colcell\dadosJNome} & $.98\pm.03 $ & $.98\pm.03 $ & $.99\pm.02 $ & \cellcolor{Gray} $0\pm.07$ & \cellcolor{Gray} $-.01\pm.06$ & \cellcolor{Gray} $.03\pm.08$ \\
&$.6\pm.2 $ & $.9\pm.2 $ & $.5\pm.3 $ & \cellcolor{Gray} $.1\pm.3$ & \cellcolor{Gray} $.3\pm.4$ & \cellcolor{Gray} $.2\pm.4$ \\
\multirow{2}{*}{\colcell\dadosKNome} & $.85\pm.05 $ & $.87\pm.05 $ & $.9\pm.01 $ & \cellcolor{Gray} $-.1\pm.1$ & \cellcolor{Gray} $-.03\pm.07$ & \cellcolor{Gray} $.1\pm.2$ \\
&$.3\pm.5 $ & $.5\pm.5 $ & $.5\pm.5 $ & \cellcolor{Gray} $-.2\pm.9$ & \cellcolor{Gray} $-.1\pm.9$ & \cellcolor{Gray} $.2\pm.7$ \\
\multirow{2}{*}{\colcell\dadosLNome} & $.8\pm.1 $ & $.9\pm.2 $ & $.8\pm.2 $ & \cellcolor{Gray} $0\pm.2$ & \cellcolor{Gray} $0\pm.3$ & \cellcolor{Gray} $0\pm.3$ \\
&$.8\pm.2 $ & $.7\pm.2 $ & $.7\pm.2 $ & \cellcolor{Gray} $.1\pm.4$ & \cellcolor{Gray} $0\pm.4$ & \cellcolor{Gray} $.2\pm.5$ \\
\multirow{2}{*}{\colcell\dadosMNome} & $.9\pm.1 $ & $.9\pm.1 $ & $.9\pm.1 $ & \cellcolor{Gray} $0\pm.3$ & \cellcolor{Gray} $0\pm.2$ & \cellcolor{Gray} $0\pm.3$ \\
&$.7\pm.3 $ & $.7\pm.3 $ & $.6\pm.3 $ & \cellcolor{Gray} $.1\pm.6$ & \cellcolor{Gray} $-.1\pm.5$ & \cellcolor{Gray} $0\pm.6$ \\
\multirow{2}{*}{\colcell\dadosNNome} & $.88\pm.09 $ & $.88\pm.09 $ & $.8\pm.1 $ & \cellcolor{Gray} $0\pm.2$ & \cellcolor{Gray} $0\pm.2$ & \cellcolor{Gray} $.1\pm.3$ \\
&$.95\pm.07 $ & $.9\pm.1 $ & $.8\pm.1 $ & \cellcolor{Gray} $.1\pm.2$ & \cellcolor{Gray} $0\pm.2$ & \cellcolor{Gray} $0\pm.4$ \\
\multirow{2}{*}{\colcell\dadosONome} & $.89\pm.07 $ & $.9\pm.1 $ & $.8\pm.1 $ & \cellcolor{Gray} $0\pm.2$ & \cellcolor{Gray} $0\pm.3$ & \cellcolor{Gray} $0\pm.3$ \\
&$.88\pm.04 $ & $.89\pm.07 $ & $.8\pm.1 $ & \cellcolor{Gray} $0\pm.08$ & \cellcolor{Gray} $0\pm.1$ & \cellcolor{Gray} $.1\pm.3$ \\
