@ FALSE HARF :
\colcell\dadosANome & $.98\pm.04$ & $.98\pm.06$ & $1\pm.1$ & \cellcolor{Gray} $0\pm.1$ & \cellcolor{Gray} $0\pm.2$ & \cellcolor{Gray} $.1\pm.2$ \\
\colcell\dadosBNome & $.96\pm.04$ & $.98\pm.05$ & $.97\pm.05$ & \cellcolor{Gray} $-.02\pm.07$ & \cellcolor{Gray} $-.02\pm.05$ & \cellcolor{Gray} $.1\pm.1$ \\
\colcell\dadosCNome & $.98\pm.01$ & $.99\pm.01$ & $.96\pm.02$ & \cellcolor{Blue} $.06\pm.02$ & \cellcolor{Gray} $.01\pm.02$ & \cellcolor{Blue} $.21\pm.07$ \\
\colcell\dadosDNome & $.99\pm.03$ & $.99\pm.03$ & $.94\pm.06$ & \cellcolor{Gray} $.1\pm.1$ & \cellcolor{Gray} $.04\pm.09$ & \cellcolor{Blue} $.2\pm.1$ \\
\colcell\dadosENome & $.974\pm.009$ & $.99\pm.01$ & $.93\pm.02$ & \cellcolor{Blue} $.06\pm.03$ & \cellcolor{Gray} $.01\pm.03$ & \cellcolor{Blue} $.17\pm.08$ \\
\colcell\dadosFNome & $.977\pm.008$ & $.98\pm.01$ & $.91\pm.02$ & \cellcolor{Blue} $.06\pm.02$ & \cellcolor{Gray} $0\pm.02$ & \cellcolor{Blue} $.3\pm.1$ \\
\colcell\dadosGNome & $.97\pm.06$ & $.98\pm.04$ & $.91\pm.09$ & \cellcolor{Gray} $0\pm.1$ & \cellcolor{Gray} $-.02\pm.04$ & \cellcolor{Gray} $.2\pm.2$ \\
\colcell\dadosHNome & $.98\pm.03$ & $.96\pm.04$ & $.87\pm.06$ & \cellcolor{Gray} $.02\pm.08$ & \cellcolor{Gray} $0\pm.1$ & \cellcolor{Gray} $.2\pm.2$ \\
\colcell\dadosINome & $.98\pm.02$ & $.98\pm.01$ & $.91\pm.02$ & \cellcolor{Blue} $.06\pm.03$ & \cellcolor{Gray} $0\pm.02$ & \cellcolor{Gray} $.2\pm.2$ \\
\colcell\dadosJNome & $.93\pm.02$ & $.95\pm.04$ & $.87\pm.05$ & \cellcolor{Gray} $.05\pm.06$ & \cellcolor{Gray} $-.01\pm.06$ & \cellcolor{Blue} $.3\pm.1$ \\
\colcell\dadosKNome & $.85\pm.09$ & $.88\pm.09$ & $.9\pm.1$ & \cellcolor{Gray} $0\pm.2$ & \cellcolor{Gray} $0\pm.2$ & \cellcolor{Gray} $.1\pm.2$ \\
\colcell\dadosLNome & $.8\pm.1$ & $.8\pm.1$ & $.82\pm.07$ & \cellcolor{Gray} $0\pm.2$ & \cellcolor{Gray} $0\pm.2$ & \cellcolor{Gray} $0\pm.2$ \\
\colcell\dadosMNome & $.93\pm.08$ & $.88\pm.08$ & $.88\pm.06$ & \cellcolor{Gray} $.1\pm.2$ & \cellcolor{Gray} $0\pm.2$ & \cellcolor{Gray} $.2\pm.2$ \\
\colcell\dadosNNome & $.9\pm.08$ & $.92\pm.09$ & $.93\pm.05$ & \cellcolor{Gray} $.1\pm.2$ & \cellcolor{Gray} $0\pm.2$ & \cellcolor{Gray} $0\pm.1$ \\
\colcell\dadosONome & $.8\pm.09$ & $.8\pm.1$ & $.8\pm.1$ & \cellcolor{Gray} $0\pm.2$ & \cellcolor{Gray} $0\pm.3$ & \cellcolor{Gray} $.2\pm.2$ \\
@ FALSE AENN :
\colcell\dadosANome & $.9\pm.2$ & $1\pm0$ & $.9\pm.2$ & \cellcolor{Gray} $0\pm.2$ & \cellcolor{Gray} $.1\pm.1$ & \cellcolor{Gray} $.1\pm.3$ \\
\colcell\dadosBNome & $.97\pm.03$ & $1\pm0$ & $.99\pm.02$ & \cellcolor{Gray} $-.01\pm.05$ & \cellcolor{Gray} $0\pm0$ & \cellcolor{Blue} $.16\pm.08$ \\
\colcell\dadosCNome & $.97\pm.01$ & $.99\pm.01$ & $.91\pm.05$ & \cellcolor{Blue} $.06\pm.02$ & \cellcolor{Gray} $0\pm.02$ & \cellcolor{Blue} $.17\pm.09$ \\
\colcell\dadosDNome & $.99\pm.03$ & $.97\pm.05$ & $.94\pm.05$ & \cellcolor{Gray} $.1\pm.1$ & \cellcolor{Gray} $.02\pm.08$ & \cellcolor{Blue} $.2\pm.1$ \\
\colcell\dadosENome & $.98\pm.01$ & $.99\pm.02$ & $.91\pm.02$ & \cellcolor{Blue} $.06\pm.04$ & \cellcolor{Gray} $.01\pm.03$ & \cellcolor{Blue} $.15\pm.08$ \\
\colcell\dadosFNome & $.982\pm.008$ & $.98\pm.01$ & $.85\pm.08$ & \cellcolor{Blue} $.06\pm.02$ & \cellcolor{Gray} $0\pm.02$ & \cellcolor{Gray} $.2\pm.2$ \\
\colcell\dadosGNome & $.9\pm.1$ & $.96\pm.09$ & $.8\pm.1$ & \cellcolor{Gray} $0\pm.2$ & \cellcolor{Gray} $-.04\pm.09$ & \cellcolor{Gray} $.1\pm.3$ \\
\colcell\dadosHNome & $.95\pm.06$ & $.96\pm.06$ & $.9\pm.1$ & \cellcolor{Gray} $0\pm.1$ & \cellcolor{Gray} $0\pm.1$ & \cellcolor{Gray} $.2\pm.3$ \\
\colcell\dadosINome & $.969\pm.008$ & $.97\pm.02$ & $.87\pm.04$ & \cellcolor{Blue} $.05\pm.02$ & \cellcolor{Gray} $-.01\pm.04$ & \cellcolor{Gray} $.2\pm.2$ \\
\colcell\dadosJNome & $.93\pm.02$ & $.95\pm.04$ & $.85\pm.04$ & \cellcolor{Gray} $.06\pm.06$ & \cellcolor{Gray} $-.02\pm.07$ & \cellcolor{Blue} $.2\pm.1$ \\
\colcell\dadosKNome & $.9\pm.1$ & $.87\pm.09$ & $.85\pm.08$ & \cellcolor{Gray} $0\pm.2$ & \cellcolor{Gray} $0\pm.2$ & \cellcolor{Gray} $.1\pm.2$ \\
\colcell\dadosLNome & $.8\pm.09$ & $.77\pm.06$ & $.8\pm.1$ & \cellcolor{Gray} $0\pm.2$ & \cellcolor{Gray} $-.1\pm.1$ & \cellcolor{Gray} $0\pm.3$ \\
\colcell\dadosMNome & $.94\pm.06$ & $.95\pm.05$ & $.94\pm.05$ & \cellcolor{Gray} $.1\pm.2$ & \cellcolor{Gray} $0\pm.1$ & \cellcolor{Blue} $.3\pm.2$ \\
\colcell\dadosNNome & $.93\pm.08$ & $.92\pm.09$ & $.87\pm.08$ & \cellcolor{Gray} $.1\pm.2$ & \cellcolor{Gray} $0\pm.2$ & \cellcolor{Gray} $0\pm.1$ \\
\colcell\dadosONome & $.8\pm.1$ & $.8\pm.2$ & $.85\pm.09$ & \cellcolor{Gray} $0\pm.2$ & \cellcolor{Gray} $0\pm.3$ & \cellcolor{Gray} $.2\pm.2$ \\
@ FALSE INFFC :
\colcell\dadosANome & $.96\pm.06$ & $.9\pm.1$ & $.9\pm.1$ & \cellcolor{Gray} $0\pm.1$ & \cellcolor{Gray} $0\pm.2$ & \cellcolor{Gray} $0\pm.2$ \\
\colcell\dadosBNome & $.99\pm.02$ & $.99\pm.02$ & $.83\pm.06$ & \cellcolor{Gray} $.01\pm.05$ & \cellcolor{Gray} $.01\pm.05$ & \cellcolor{Gray} $0\pm.1$ \\
\colcell\dadosCNome & $.97\pm.01$ & $.99\pm.01$ & $.88\pm.07$ & \cellcolor{Blue} $.06\pm.03$ & \cellcolor{Gray} $0\pm.02$ & \cellcolor{Gray} $.1\pm.1$ \\
\colcell\dadosDNome & $.9\pm.08$ & $.94\pm.06$ & $.76\pm.09$ & \cellcolor{Gray} $0\pm.2$ & \cellcolor{Gray} $0\pm.1$ & \cellcolor{Gray} $0\pm.2$ \\
\colcell\dadosENome & $.96\pm.02$ & $.99\pm.01$ & $.92\pm.04$ & \cellcolor{Blue} $.05\pm.04$ & \cellcolor{Gray} $.01\pm.03$ & \cellcolor{Blue} $.2\pm.1$ \\
\colcell\dadosFNome & $.978\pm.007$ & $.98\pm.01$ & $.89\pm.02$ & \cellcolor{Blue} $.06\pm.02$ & \cellcolor{Gray} $0\pm.02$ & \cellcolor{Blue} $.3\pm.1$ \\
\colcell\dadosGNome & $.94\pm.09$ & $1\pm0$ & $.8\pm.1$ & \cellcolor{Gray} $0\pm.2$ & \cellcolor{Gray} $0\pm0$ & \cellcolor{Gray} $0\pm.3$ \\
\colcell\dadosHNome & $.95\pm.05$ & $.92\pm.05$ & $.7\pm.2$ & \cellcolor{Gray} $0\pm.1$ & \cellcolor{Gray} $0\pm.1$ & \cellcolor{Gray} $0\pm.3$ \\
\colcell\dadosINome & $.97\pm.02$ & $.99\pm.01$ & $.82\pm.04$ & \cellcolor{Blue} $.05\pm.03$ & \cellcolor{Gray} $0\pm.02$ & \cellcolor{Gray} $.1\pm.2$ \\
\colcell\dadosJNome & $.92\pm.01$ & $.95\pm.04$ & $.84\pm.05$ & \cellcolor{Gray} $.05\pm.06$ & \cellcolor{Gray} $-.02\pm.06$ & \cellcolor{Blue} $.2\pm.1$ \\
\colcell\dadosKNome & $.85\pm.09$ & $.9\pm.1$ & $.9\pm.1$ & \cellcolor{Gray} $0\pm.2$ & \cellcolor{Gray} $0\pm.2$ & \cellcolor{Gray} $.1\pm.2$ \\
\colcell\dadosLNome & $.8\pm.1$ & $.81\pm.08$ & $.8\pm.09$ & \cellcolor{Gray} $0\pm.2$ & \cellcolor{Gray} $-.1\pm.1$ & \cellcolor{Gray} $0\pm.2$ \\
\colcell\dadosMNome & $.9\pm.1$ & $.9\pm.1$ & $.7\pm.2$ & \cellcolor{Gray} $0\pm.2$ & \cellcolor{Gray} $0\pm.2$ & \cellcolor{Gray} $0\pm.3$ \\
\colcell\dadosNNome & $.8\pm.1$ & $.9\pm.1$ & $.86\pm.05$ & \cellcolor{Gray} $0\pm.2$ & \cellcolor{Gray} $0\pm.2$ & \cellcolor{Gray} $0\pm.1$ \\
\colcell\dadosONome & $.8\pm.08$ & $.8\pm.1$ & $.6\pm.1$ & \cellcolor{Gray} $0\pm.2$ & \cellcolor{Gray} $0\pm.2$ & \cellcolor{Gray} $0\pm.3$ \\
@ FALSE ENG :
\colcell\dadosANome & $.97\pm.06$ & $1\pm0$ & $.97\pm.06$ & \cellcolor{Gray} $0\pm.1$ & \cellcolor{Gray} $0\pm0$ & \cellcolor{Gray} $.1\pm.2$ \\
\colcell\dadosBNome & $.93\pm.06$ & $.98\pm.03$ & $.9\pm.1$ & \cellcolor{Gray} $0\pm.1$ & \cellcolor{Gray} $.01\pm.07$ & \cellcolor{Gray} $.1\pm.2$ \\
\colcell\dadosCNome & $.97\pm.06$ & $.99\pm.03$ & $.94\pm.06$ & \cellcolor{Gray} $0\pm.1$ & \cellcolor{Gray} $0\pm.06$ & \cellcolor{Gray} $.2\pm.2$ \\
\colcell\dadosDNome & $.9\pm.1$ & $.94\pm.09$ & $.94\pm.09$ & \cellcolor{Gray} $.1\pm.2$ & \cellcolor{Gray} $0\pm.2$ & \cellcolor{Gray} $.1\pm.2$ \\
\colcell\dadosENome & $.96\pm.04$ & $.98\pm.04$ & $.95\pm.05$ & \cellcolor{Gray} $0\pm.1$ & \cellcolor{Gray} $0\pm.1$ & \cellcolor{Blue} $.3\pm.1$ \\
\colcell\dadosFNome & $.97\pm.07$ & $.92\pm.06$ & $.9\pm.1$ & \cellcolor{Gray} $0\pm.1$ & \cellcolor{Gray} $0\pm.1$ & \cellcolor{Gray} $.1\pm.3$ \\
\colcell\dadosGNome & $.9\pm.2$ & $.9\pm.1$ & $.93\pm.06$ & \cellcolor{Gray} $-.1\pm.2$ & \cellcolor{Gray} $.1\pm.3$ & \cellcolor{Gray} $.1\pm.2$ \\
\colcell\dadosHNome & $1\pm0$ & $.99\pm.03$ & $.89\pm.09$ & \cellcolor{Gray} $.01\pm.03$ & \cellcolor{Gray} $.01\pm.06$ & \cellcolor{Gray} $.2\pm.2$ \\
\colcell\dadosINome & $.93\pm.06$ & $.94\pm.07$ & $.88\pm.09$ & \cellcolor{Gray} $0\pm.1$ & \cellcolor{Gray} $0\pm.1$ & \cellcolor{Gray} $.1\pm.2$ \\
\colcell\dadosJNome & $.8\pm.1$ & $.9\pm.08$ & $.8\pm.2$ & \cellcolor{Gray} $0\pm.3$ & \cellcolor{Gray} $0\pm.2$ & \cellcolor{Gray} $0\pm.2$ \\
\colcell\dadosKNome & $.8\pm.1$ & $.8\pm.1$ & $.8\pm.1$ & \cellcolor{Gray} $0\pm.3$ & \cellcolor{Gray} $.1\pm.2$ & \cellcolor{Gray} $0\pm.3$ \\
\colcell\dadosLNome & $.8\pm.07$ & $.78\pm.05$ & $.8\pm.1$ & \cellcolor{Gray} $0\pm.2$ & \cellcolor{Gray} $0\pm.1$ & \cellcolor{Gray} $.1\pm.2$ \\
\colcell\dadosMNome & $.9\pm.1$ & $.94\pm.04$ & $.94\pm.05$ & \cellcolor{Gray} $.1\pm.2$ & \cellcolor{Gray} $.1\pm.1$ & \cellcolor{Blue} $.3\pm.2$ \\
\colcell\dadosNNome & $.92\pm.08$ & $.93\pm.09$ & $.93\pm.05$ & \cellcolor{Gray} $0\pm.2$ & \cellcolor{Gray} $0\pm.2$ & \cellcolor{Gray} $0\pm.1$ \\
\colcell\dadosONome & $.9\pm.1$ & $.91\pm.06$ & $.85\pm.07$ & \cellcolor{Gray} $0\pm.2$ & \cellcolor{Gray} $0\pm.1$ & \cellcolor{Gray} $.1\pm.1$ \\
@ TRUE HARF :
\colcell\dadosANome & $.98\pm.05$ & $.9\pm.1$ & $.97\pm.06$ & \cellcolor{Gray} $-.02\pm.05$ & \cellcolor{Gray} $0\pm.3$ & \cellcolor{Gray} $0\pm.1$ \\
\colcell\dadosBNome & $.95\pm.03$ & $.98\pm.05$ & $.95\pm.05$ & \cellcolor{Gray} $.03\pm.09$ & \cellcolor{Gray} $0\pm.1$ & \cellcolor{Gray} $.04\pm.09$ \\
\colcell\dadosCNome & $.979\pm.008$ & $.98\pm.01$ & $.95\pm.03$ & \cellcolor{Blue} $.06\pm.04$ & \cellcolor{Gray} $0\pm.04$ & \cellcolor{Blue} $.22\pm.08$ \\
\colcell\dadosDNome & $.97\pm.03$ & $.99\pm.02$ & $.98\pm.05$ & \cellcolor{Gray} $-.01\pm.06$ & \cellcolor{Gray} $0\pm.05$ & \cellcolor{Gray} $.1\pm.1$ \\
\colcell\dadosENome & $.96\pm.02$ & $.98\pm.02$ & $.91\pm.03$ & \cellcolor{Gray} $.04\pm.05$ & \cellcolor{Gray} $0\pm.04$ & \cellcolor{Blue} $.14\pm.07$ \\
\colcell\dadosFNome & $.98\pm.01$ & $.99\pm.01$ & $.89\pm.06$ & \cellcolor{Blue} $.06\pm.03$ & \cellcolor{Gray} $0\pm.02$ & \cellcolor{Blue} $.4\pm.1$ \\
\colcell\dadosGNome & $.95\pm.07$ & $.94\pm.09$ & $.8\pm.2$ & \cellcolor{Gray} $0\pm.2$ & \cellcolor{Gray} $0\pm.2$ & \cellcolor{Gray} $.1\pm.4$ \\
\colcell\dadosHNome & $.96\pm.05$ & $.98\pm.04$ & $.83\pm.05$ & \cellcolor{Gray} $.1\pm.2$ & \cellcolor{Gray} $0\pm.07$ & \cellcolor{Gray} $.2\pm.2$ \\
\colcell\dadosINome & $.97\pm.03$ & $.99\pm.01$ & $.8\pm.1$ & \cellcolor{Gray} $.06\pm.07$ & \cellcolor{Gray} $.01\pm.03$ & \cellcolor{Blue} $.3\pm.2$ \\
\colcell\dadosJNome & $.84\pm.04$ & $.98\pm.01$ & $.76\pm.05$ & \cellcolor{Gray} $.01\pm.09$ & \cellcolor{Gray} $0\pm.03$ & \cellcolor{Gray} $.1\pm.1$ \\
\colcell\dadosKNome & $.8\pm.1$ & $.87\pm.07$ & $.74\pm.08$ & \cellcolor{Gray} $0\pm.2$ & \cellcolor{Gray} $0\pm.1$ & \cellcolor{Gray} $0\pm.2$ \\
\colcell\dadosLNome & $.75\pm.06$ & $.7\pm.1$ & $.7\pm.1$ & \cellcolor{Gray} $0\pm.2$ & \cellcolor{Gray} $0\pm.2$ & \cellcolor{Gray} $0\pm.2$ \\
\colcell\dadosMNome & $.91\pm.08$ & $.9\pm.1$ & $.77\pm.06$ & \cellcolor{Gray} $0\pm.1$ & \cellcolor{Gray} $0\pm.2$ & \cellcolor{Gray} $.1\pm.2$ \\
\colcell\dadosNNome & $.94\pm.07$ & $.94\pm.05$ & $.86\pm.06$ & \cellcolor{Gray} $0\pm.2$ & \cellcolor{Gray} $0\pm.1$ & \cellcolor{Gray} $0\pm.1$ \\
\colcell\dadosONome & $.8\pm.1$ & $.93\pm.05$ & $.8\pm.1$ & \cellcolor{Gray} $0\pm.2$ & \cellcolor{Gray} $0\pm.1$ & \cellcolor{Gray} $.1\pm.3$ \\
@ TRUE AENN :
\colcell\dadosANome & $1\pm0$ & $.9\pm.1$ & $.9\pm.1$ & \cellcolor{Gray} $0\pm0$ & \cellcolor{Gray} $0\pm.3$ & \cellcolor{Gray} $-.1\pm.2$ \\
\colcell\dadosBNome & $.97\pm.03$ & $.99\pm.02$ & $.93\pm.05$ & \cellcolor{Gray} $.1\pm.1$ & \cellcolor{Gray} $.03\pm.09$ & \cellcolor{Gray} $0\pm.1$ \\
\colcell\dadosCNome & $.96\pm.01$ & $.97\pm.03$ & $.88\pm.03$ & \cellcolor{Gray} $.04\pm.05$ & \cellcolor{Gray} $-.01\pm.05$ & \cellcolor{Blue} $.15\pm.09$ \\
\colcell\dadosDNome & $.98\pm.03$ & $.99\pm.02$ & $.99\pm.02$ & \cellcolor{Gray} $0\pm.06$ & \cellcolor{Gray} $0\pm.05$ & \cellcolor{Gray} $.1\pm.1$ \\
\colcell\dadosENome & $.95\pm.03$ & $.98\pm.02$ & $.87\pm.06$ & \cellcolor{Gray} $.03\pm.06$ & \cellcolor{Gray} $0\pm.03$ & \cellcolor{Gray} $.1\pm.1$ \\
\colcell\dadosFNome & $.98\pm.01$ & $.99\pm.01$ & $.82\pm.06$ & \cellcolor{Blue} $.05\pm.03$ & \cellcolor{Gray} $0\pm.03$ & \cellcolor{Blue} $.3\pm.1$ \\
\colcell\dadosGNome & $.92\pm.08$ & $1\pm0$ & $.9\pm.2$ & \cellcolor{Gray} $0\pm.2$ & \cellcolor{Gray} $.02\pm.04$ & \cellcolor{Gray} $.1\pm.4$ \\
\colcell\dadosHNome & $.97\pm.04$ & $.99\pm.02$ & $.9\pm.1$ & \cellcolor{Gray} $.1\pm.1$ & \cellcolor{Gray} $.01\pm.05$ & \cellcolor{Gray} $.3\pm.3$ \\
\colcell\dadosINome & $.95\pm.05$ & $.97\pm.02$ & $.7\pm.2$ & \cellcolor{Gray} $0\pm.1$ & \cellcolor{Gray} $-.01\pm.04$ & \cellcolor{Gray} $.2\pm.3$ \\
\colcell\dadosJNome & $.8\pm.05$ & $.97\pm.02$ & $.8\pm.09$ & \cellcolor{Gray} $0\pm.1$ & \cellcolor{Gray} $-.01\pm.04$ & \cellcolor{Gray} $.2\pm.2$ \\
\colcell\dadosKNome & $.7\pm.2$ & $.88\pm.07$ & $.9\pm.1$ & \cellcolor{Gray} $-.1\pm.3$ & \cellcolor{Gray} $0\pm.2$ & \cellcolor{Gray} $.1\pm.3$ \\
\colcell\dadosLNome & $.8\pm.1$ & $.8\pm.1$ & $.8\pm.2$ & \cellcolor{Gray} $.1\pm.2$ & \cellcolor{Gray} $.1\pm.2$ & \cellcolor{Gray} $0\pm.3$ \\
\colcell\dadosMNome & $.93\pm.08$ & $.95\pm.09$ & $.8\pm.1$ & \cellcolor{Gray} $0\pm.1$ & \cellcolor{Gray} $0\pm.2$ & \cellcolor{Gray} $.1\pm.3$ \\
\colcell\dadosNNome & $.96\pm.06$ & $.94\pm.05$ & $.87\pm.08$ & \cellcolor{Gray} $.1\pm.2$ & \cellcolor{Gray} $0\pm.1$ & \cellcolor{Gray} $0\pm.1$ \\
\colcell\dadosONome & $.91\pm.08$ & $.91\pm.07$ & $.8\pm.2$ & \cellcolor{Gray} $.1\pm.2$ & \cellcolor{Gray} $0\pm.1$ & \cellcolor{Gray} $.1\pm.3$ \\
@ TRUE INFFC :
\colcell\dadosANome & $1\pm.1$ & $.9\pm.1$ & $.95\pm.07$ & \cellcolor{Gray} $0\pm.1$ & \cellcolor{Gray} $0\pm.3$ & \cellcolor{Gray} $0\pm.1$ \\
\colcell\dadosBNome & $.94\pm.04$ & $.95\pm.06$ & $.88\pm.07$ & \cellcolor{Gray} $0\pm.1$ & \cellcolor{Gray} $0\pm.1$ & \cellcolor{Gray} $0\pm.1$ \\
\colcell\dadosCNome & $.95\pm.02$ & $.98\pm.02$ & $.79\pm.04$ & \cellcolor{Gray} $.03\pm.05$ & \cellcolor{Gray} $0\pm.04$ & \cellcolor{Gray} $.1\pm.1$ \\
\colcell\dadosDNome & $.97\pm.03$ & $.99\pm.02$ & $.93\pm.08$ & \cellcolor{Gray} $0\pm.06$ & \cellcolor{Gray} $0\pm.05$ & \cellcolor{Gray} $.1\pm.2$ \\
\colcell\dadosENome & $.94\pm.03$ & $.98\pm.02$ & $.8\pm.05$ & \cellcolor{Gray} $.01\pm.06$ & \cellcolor{Gray} $0\pm.03$ & \cellcolor{Gray} $.03\pm.09$ \\
\colcell\dadosFNome & $.96\pm.02$ & $.99\pm.01$ & $.72\pm.09$ & \cellcolor{Gray} $.03\pm.04$ & \cellcolor{Gray} $0\pm.02$ & \cellcolor{Blue} $.2\pm.1$ \\
\colcell\dadosGNome & $.9\pm.1$ & $.95\pm.07$ & $.9\pm.2$ & \cellcolor{Gray} $0\pm.2$ & \cellcolor{Gray} $0\pm.1$ & \cellcolor{Gray} $.1\pm.4$ \\
\colcell\dadosHNome & $.96\pm.04$ & $.99\pm.03$ & $.88\pm.08$ & \cellcolor{Gray} $0\pm.1$ & \cellcolor{Gray} $.02\pm.06$ & \cellcolor{Blue} $.3\pm.2$ \\
\colcell\dadosINome & $.95\pm.05$ & $.98\pm.02$ & $.7\pm.1$ & \cellcolor{Gray} $0\pm.1$ & \cellcolor{Gray} $0\pm.03$ & \cellcolor{Gray} $.1\pm.2$ \\
\colcell\dadosJNome & $.82\pm.04$ & $.97\pm.02$ & $.7\pm.07$ & \cellcolor{Gray} $0\pm.1$ & \cellcolor{Gray} $-.01\pm.03$ & \cellcolor{Gray} $.1\pm.1$ \\
\colcell\dadosKNome & $.8\pm.1$ & $.87\pm.09$ & $.8\pm.1$ & \cellcolor{Gray} $0\pm.3$ & \cellcolor{Gray} $0\pm.2$ & \cellcolor{Gray} $.1\pm.3$ \\
\colcell\dadosLNome & $.76\pm.06$ & $.74\pm.07$ & $.79\pm.09$ & \cellcolor{Gray} $0\pm.2$ & \cellcolor{Gray} $0\pm.1$ & \cellcolor{Gray} $0\pm.2$ \\
\colcell\dadosMNome & $.94\pm.08$ & $.91\pm.07$ & $.9\pm.1$ & \cellcolor{Gray} $0\pm.1$ & \cellcolor{Gray} $0\pm.2$ & \cellcolor{Gray} $.2\pm.3$ \\
\colcell\dadosNNome & $.94\pm.07$ & $.95\pm.06$ & $.88\pm.04$ & \cellcolor{Gray} $0\pm.2$ & \cellcolor{Gray} $0\pm.1$ & \cellcolor{Gray} $0\pm.09$ \\
\colcell\dadosONome & $.8\pm.1$ & $.92\pm.05$ & $.8\pm.2$ & \cellcolor{Gray} $0\pm.2$ & \cellcolor{Gray} $.01\pm.09$ & \cellcolor{Gray} $.1\pm.3$ \\
@ TRUE ENG :
\colcell\dadosANome & $1\pm0$ & $1\pm0$ & $1\pm.1$ & \cellcolor{Gray} $.03\pm.06$ & \cellcolor{Gray} $.02\pm.04$ & \cellcolor{Gray} $.1\pm.3$ \\
\colcell\dadosBNome & $.94\pm.05$ & $.98\pm.04$ & $.92\pm.06$ & \cellcolor{Gray} $.03\pm.07$ & \cellcolor{Gray} $.02\pm.08$ & \cellcolor{Gray} $.1\pm.2$ \\
\colcell\dadosCNome & $.96\pm.05$ & $1\pm0$ & $.9\pm.2$ & \cellcolor{Gray} $0\pm.1$ & \cellcolor{Gray} $0\pm0$ & \cellcolor{Gray} $0\pm.3$ \\
\colcell\dadosDNome & $.95\pm.07$ & $.96\pm.06$ & $.93\pm.07$ & \cellcolor{Gray} $0\pm.1$ & \cellcolor{Gray} $-.03\pm.09$ & \cellcolor{Gray} $.1\pm.2$ \\
\colcell\dadosENome & $.93\pm.05$ & $.97\pm.03$ & $.94\pm.06$ & \cellcolor{Gray} $0\pm.1$ & \cellcolor{Gray} $0\pm.07$ & \cellcolor{Gray} $.2\pm.2$ \\
\colcell\dadosFNome & $.94\pm.07$ & $.98\pm.05$ & $.9\pm.2$ & \cellcolor{Gray} $0\pm.2$ & \cellcolor{Gray} $0\pm.1$ & \cellcolor{Gray} $.1\pm.3$ \\
\colcell\dadosGNome & $.97\pm.06$ & $1\pm0$ & $.9\pm.1$ & \cellcolor{Gray} $0\pm.1$ & \cellcolor{Gray} $.02\pm.04$ & \cellcolor{Blue} $.3\pm.2$ \\
\colcell\dadosHNome & $1\pm0$ & $.99\pm.03$ & $.9\pm.1$ & \cellcolor{Gray} $.06\pm.09$ & \cellcolor{Gray} $0\pm.05$ & \cellcolor{Gray} $.2\pm.3$ \\
\colcell\dadosINome & $.96\pm.08$ & $.95\pm.07$ & $.9\pm.1$ & \cellcolor{Gray} $0\pm.1$ & \cellcolor{Gray} $.1\pm.2$ & \cellcolor{Gray} $.1\pm.2$ \\
\colcell\dadosJNome & $.73\pm.08$ & $.94\pm.04$ & $.72\pm.05$ & \cellcolor{Gray} $0\pm.2$ & \cellcolor{Gray} $-.01\pm.08$ & \cellcolor{Gray} $.1\pm.2$ \\
\colcell\dadosKNome & $.8\pm.1$ & $.85\pm.05$ & $.84\pm.08$ & \cellcolor{Gray} $0\pm.2$ & \cellcolor{Gray} $.1\pm.1$ & \cellcolor{Gray} $.1\pm.2$ \\
\colcell\dadosLNome & $.8\pm.1$ & $.84\pm.08$ & $.8\pm.1$ & \cellcolor{Gray} $0\pm.2$ & \cellcolor{Gray} $0\pm.2$ & \cellcolor{Gray} $.2\pm.3$ \\
\colcell\dadosMNome & $.92\pm.07$ & $.9\pm.1$ & $.9\pm.1$ & \cellcolor{Gray} $0\pm.1$ & \cellcolor{Gray} $0\pm.2$ & \cellcolor{Gray} $.2\pm.2$ \\
\colcell\dadosNNome & $.97\pm.05$ & $.96\pm.04$ & $.93\pm.09$ & \cellcolor{Gray} $.04\pm.08$ & \cellcolor{Gray} $0\pm.1$ & \cellcolor{Gray} $.1\pm.2$ \\
\colcell\dadosONome & $.9\pm.1$ & $.92\pm.06$ & $.8\pm.1$ & \cellcolor{Gray} $0\pm.2$ & \cellcolor{Gray} $0\pm.1$ & \cellcolor{Gray} $0\pm.2$ \\
