@ FALSE :
\colcell\dadosANome & $1\pm0$ & $1\pm0$ & $1\pm0$ & $.96\pm.05$ & $.95\pm.09$ & $.9\pm.1$ \\
\colcell\dadosBNome & $.97\pm.03$ & $1\pm0$ & $1\pm.02$ & $.97\pm.04$ & $.99\pm.02$ & $.82\pm.08$ \\
\colcell\dadosCNome & $.98\pm.02$ & $.99\pm.02$ & $.99\pm.01$ & $.92\pm.04$ & $.99\pm.02$ & $.75\pm.08$ \\
\colcell\dadosDNome & $.97\pm.04$ & $.98\pm.04$ & $.99\pm.03$ & $.89\pm.09$ & $.95\pm.06$ & $.8\pm.1$ \\
\colcell\dadosENome & $.97\pm.02$ & $.99\pm.01$ & $.98\pm.01$ & $.92\pm.04$ & $.97\pm.04$ & $.74\pm.08$ \\
\colcell\dadosFNome & $.99\pm.01$ & $.98\pm.03$ & $.98\pm.02$ & $.93\pm.03$ & $.97\pm.04$ & $.6\pm.1$ \\
\colcell\dadosGNome & $.97\pm.06$ & $1\pm0$ & $.97\pm.06$ & $.94\pm.07$ & $1\pm.1$ & $.8\pm.1$ \\
\colcell\dadosHNome & $.99\pm.02$ & $.98\pm.03$ & $.99\pm.02$ & $.96\pm.04$ & $.95\pm.05$ & $.7\pm.1$ \\
\colcell\dadosINome & $.99\pm.02$ & $.98\pm.03$ & $.98\pm.02$ & $.92\pm.04$ & $.98\pm.04$ & $.7\pm.1$ \\
\colcell\dadosJNome & $.91\pm.07$ & $.96\pm.05$ & $.95\pm.04$ & $.84\pm.08$ & $.95\pm.05$ & $.6\pm.1$ \\
\colcell\dadosKNome & $.8\pm.1$ & $.88\pm.08$ & $.83\pm.08$ & $.8\pm.1$ & $.83\pm.09$ & $.8\pm.1$ \\
\colcell\dadosLNome & $.84\pm.08$ & $.88\pm.07$ & $.8\pm.1$ & $.83\pm.09$ & $.85\pm.07$ & $.7\pm.1$ \\
\colcell\dadosMNome & $.93\pm.08$ & $.92\pm.09$ & $.93\pm.09$ & $.86\pm.09$ & $.91\pm.09$ & $.7\pm.1$ \\
\colcell\dadosNNome & $.94\pm.07$ & $.96\pm.05$ & $.96\pm.04$ & $.8\pm.1$ & $.91\pm.09$ & $.89\pm.07$ \\
\colcell\dadosONome & $.89\pm.04$ & $.92\pm.04$ & $.92\pm.04$ & $.8\pm.07$ & $.8\pm.1$ & $.7\pm.1$ \\
@ TRUE :
\colcell\dadosANome & $1\pm0$ & $1\pm0$ & $1\pm0$ & $.99\pm.03$ & $1\pm.1$ & $.9\pm.1$ \\
\colcell\dadosBNome & $.97\pm.03$ & $1\pm0$ & $1\pm.02$ & $.91\pm.05$ & $.96\pm.05$ & $.9\pm.1$ \\
\colcell\dadosCNome & $.97\pm.02$ & $.99\pm.01$ & $.99\pm.01$ & $.93\pm.05$ & $.99\pm.02$ & $.8\pm.1$ \\
\colcell\dadosDNome & $.96\pm.04$ & $.99\pm.02$ & $.99\pm.03$ & $.97\pm.04$ & $.99\pm.02$ & $.87\pm.09$ \\
\colcell\dadosENome & $.96\pm.03$ & $.99\pm.02$ & $.99\pm.01$ & $.92\pm.04$ & $.98\pm.02$ & $.76\pm.09$ \\
\colcell\dadosFNome & $.98\pm.02$ & $.99\pm.01$ & $.97\pm.03$ & $.92\pm.05$ & $.98\pm.03$ & $.6\pm.1$ \\
\colcell\dadosGNome & $.96\pm.06$ & $1\pm0$ & $.96\pm.06$ & $.9\pm.1$ & $.97\pm.06$ & $.7\pm.2$ \\
\colcell\dadosHNome & $.99\pm.03$ & $.98\pm.03$ & $.99\pm.02$ & $.9\pm.1$ & $.98\pm.03$ & $.6\pm.1$ \\
\colcell\dadosINome & $.98\pm.01$ & $.99\pm.02$ & $.96\pm.03$ & $.93\pm.05$ & $.96\pm.07$ & $.6\pm.1$ \\
\colcell\dadosJNome & $.83\pm.08$ & $.98\pm.03$ & $.95\pm.05$ & $.8\pm.08$ & $.97\pm.03$ & $.63\pm.08$ \\
\colcell\dadosKNome & $.8\pm.1$ & $.89\pm.09$ & $.85\pm.05$ & $.8\pm.1$ & $.85\pm.08$ & $.8\pm.1$ \\
\colcell\dadosLNome & $.8\pm.08$ & $.86\pm.07$ & $.8\pm.1$ & $.8\pm.1$ & $.8\pm.1$ & $.7\pm.1$ \\
\colcell\dadosMNome & $.93\pm.06$ & $.93\pm.09$ & $.9\pm.1$ & $.92\pm.06$ & $.91\pm.09$ & $.7\pm.1$ \\
\colcell\dadosNNome & $.96\pm.05$ & $.96\pm.05$ & $.96\pm.04$ & $.9\pm.08$ & $.95\pm.06$ & $.88\pm.05$ \\
\colcell\dadosONome & $.9\pm.1$ & $.93\pm.06$ & $.91\pm.03$ & $.8\pm.1$ & $.9\pm.05$ & $.7\pm.1$ \\
